Analysis & Synthesis report for topshow
Mon Jun 17 16:00:42 2019
Quartus II 64-Bit Version 13.0.0 Build 156 04/24/2013 SJ Web Edition


---------------------
; Table of Contents ;
---------------------
  1. Legal Notice
  2. Analysis & Synthesis Summary
  3. Analysis & Synthesis Settings
  4. Parallel Compilation
  5. Analysis & Synthesis Source Files Read
  6. Analysis & Synthesis Resource Usage Summary
  7. Analysis & Synthesis Resource Utilization by Entity
  8. User-Specified and Inferred Latches
  9. General Register Statistics
 10. Multiplexer Restructuring Statistics (Restructuring Performed)
 11. Parameter Settings for Inferred Entity Instance: adder:inst|lpm_divide:Mod2
 12. Parameter Settings for Inferred Entity Instance: adder:inst|lpm_divide:Mod1
 13. Parameter Settings for Inferred Entity Instance: adder:inst|lpm_divide:Div3
 14. Parameter Settings for Inferred Entity Instance: adder:inst|lpm_divide:Mod0
 15. Parameter Settings for Inferred Entity Instance: adder:inst|lpm_divide:Div2
 16. Elapsed Time Per Partition
 17. Analysis & Synthesis Messages



----------------
; Legal Notice ;
----------------
Copyright (C) 1991-2013 Altera Corporation
Your use of Altera Corporation's design tools, logic functions 
and other software and tools, and its AMPP partner logic 
functions, and any output files from any of the foregoing 
(including device programming or simulation files), and any 
associated documentation or information are expressly subject 
to the terms and conditions of the Altera Program License 
Subscription Agreement, Altera MegaCore Function License 
Agreement, or other applicable license agreement, including, 
without limitation, that your use is for the sole purpose of 
programming logic devices manufactured by Altera and sold by 
Altera or its authorized distributors.  Please refer to the 
applicable agreement for further details.



+---------------------------------------------------------------------------------+
; Analysis & Synthesis Summary                                                    ;
+------------------------------------+--------------------------------------------+
; Analysis & Synthesis Status        ; Successful - Mon Jun 17 16:00:42 2019      ;
; Quartus II 64-Bit Version          ; 13.0.0 Build 156 04/24/2013 SJ Web Edition ;
; Revision Name                      ; topshow                                    ;
; Top-level Entity Name              ; topshow                                    ;
; Family                             ; Cyclone II                                 ;
; Total logic elements               ; 602                                        ;
;     Total combinational functions  ; 602                                        ;
;     Dedicated logic registers      ; 0                                          ;
; Total registers                    ; 0                                          ;
; Total pins                         ; 40                                         ;
; Total virtual pins                 ; 0                                          ;
; Total memory bits                  ; 0                                          ;
; Embedded Multiplier 9-bit elements ; 0                                          ;
; Total PLLs                         ; 0                                          ;
+------------------------------------+--------------------------------------------+


+----------------------------------------------------------------------------------------------------------------------+
; Analysis & Synthesis Settings                                                                                        ;
+----------------------------------------------------------------------------+--------------------+--------------------+
; Option                                                                     ; Setting            ; Default Value      ;
+----------------------------------------------------------------------------+--------------------+--------------------+
; Device                                                                     ; EP2C20F484C7       ;                    ;
; Top-level entity name                                                      ; topshow            ; topshow            ;
; Family name                                                                ; Cyclone II         ; Cyclone IV GX      ;
; Use smart compilation                                                      ; Off                ; Off                ;
; Enable parallel Assembler and TimeQuest Timing Analyzer during compilation ; On                 ; On                 ;
; Enable compact report table                                                ; Off                ; Off                ;
; Restructure Multiplexers                                                   ; Auto               ; Auto               ;
; Create Debugging Nodes for IP Cores                                        ; Off                ; Off                ;
; Preserve fewer node names                                                  ; On                 ; On                 ;
; Disable OpenCore Plus hardware evaluation                                  ; Off                ; Off                ;
; Verilog Version                                                            ; Verilog_2001       ; Verilog_2001       ;
; VHDL Version                                                               ; VHDL_1993          ; VHDL_1993          ;
; State Machine Processing                                                   ; Auto               ; Auto               ;
; Safe State Machine                                                         ; Off                ; Off                ;
; Extract Verilog State Machines                                             ; On                 ; On                 ;
; Extract VHDL State Machines                                                ; On                 ; On                 ;
; Ignore Verilog initial constructs                                          ; Off                ; Off                ;
; Iteration limit for constant Verilog loops                                 ; 5000               ; 5000               ;
; Iteration limit for non-constant Verilog loops                             ; 250                ; 250                ;
; Add Pass-Through Logic to Inferred RAMs                                    ; On                 ; On                 ;
; Infer RAMs from Raw Logic                                                  ; On                 ; On                 ;
; Parallel Synthesis                                                         ; On                 ; On                 ;
; DSP Block Balancing                                                        ; Auto               ; Auto               ;
; NOT Gate Push-Back                                                         ; On                 ; On                 ;
; Power-Up Don't Care                                                        ; On                 ; On                 ;
; Remove Redundant Logic Cells                                               ; Off                ; Off                ;
; Remove Duplicate Registers                                                 ; On                 ; On                 ;
; Ignore CARRY Buffers                                                       ; Off                ; Off                ;
; Ignore CASCADE Buffers                                                     ; Off                ; Off                ;
; Ignore GLOBAL Buffers                                                      ; Off                ; Off                ;
; Ignore ROW GLOBAL Buffers                                                  ; Off                ; Off                ;
; Ignore LCELL Buffers                                                       ; Off                ; Off                ;
; Ignore SOFT Buffers                                                        ; On                 ; On                 ;
; Limit AHDL Integers to 32 Bits                                             ; Off                ; Off                ;
; Optimization Technique                                                     ; Balanced           ; Balanced           ;
; Carry Chain Length                                                         ; 70                 ; 70                 ;
; Auto Carry Chains                                                          ; On                 ; On                 ;
; Auto Open-Drain Pins                                                       ; On                 ; On                 ;
; Perform WYSIWYG Primitive Resynthesis                                      ; Off                ; Off                ;
; Auto ROM Replacement                                                       ; On                 ; On                 ;
; Auto RAM Replacement                                                       ; On                 ; On                 ;
; Auto Shift Register Replacement                                            ; Auto               ; Auto               ;
; Allow Shift Register Merging across Hierarchies                            ; Auto               ; Auto               ;
; Auto Clock Enable Replacement                                              ; On                 ; On                 ;
; Strict RAM Replacement                                                     ; Off                ; Off                ;
; Allow Synchronous Control Signals                                          ; On                 ; On                 ;
; Force Use of Synchronous Clear Signals                                     ; Off                ; Off                ;
; Auto RAM to Logic Cell Conversion                                          ; Off                ; Off                ;
; Auto Resource Sharing                                                      ; Off                ; Off                ;
; Allow Any RAM Size For Recognition                                         ; Off                ; Off                ;
; Allow Any ROM Size For Recognition                                         ; Off                ; Off                ;
; Allow Any Shift Register Size For Recognition                              ; Off                ; Off                ;
; Use LogicLock Constraints during Resource Balancing                        ; On                 ; On                 ;
; Ignore translate_off and synthesis_off directives                          ; Off                ; Off                ;
; Timing-Driven Synthesis                                                    ; Off                ; Off                ;
; Report Parameter Settings                                                  ; On                 ; On                 ;
; Report Source Assignments                                                  ; On                 ; On                 ;
; Report Connectivity Checks                                                 ; On                 ; On                 ;
; Ignore Maximum Fan-Out Assignments                                         ; Off                ; Off                ;
; Synchronization Register Chain Length                                      ; 2                  ; 2                  ;
; PowerPlay Power Optimization                                               ; Normal compilation ; Normal compilation ;
; HDL message level                                                          ; Level2             ; Level2             ;
; Suppress Register Optimization Related Messages                            ; Off                ; Off                ;
; Number of Removed Registers Reported in Synthesis Report                   ; 5000               ; 5000               ;
; Number of Swept Nodes Reported in Synthesis Report                         ; 5000               ; 5000               ;
; Number of Inverted Registers Reported in Synthesis Report                  ; 100                ; 100                ;
; Clock MUX Protection                                                       ; On                 ; On                 ;
; Auto Gated Clock Conversion                                                ; Off                ; Off                ;
; Block Design Naming                                                        ; Auto               ; Auto               ;
; SDC constraint protection                                                  ; Off                ; Off                ;
; Synthesis Effort                                                           ; Auto               ; Auto               ;
; Shift Register Replacement - Allow Asynchronous Clear Signal               ; On                 ; On                 ;
; Pre-Mapping Resynthesis Optimization                                       ; Off                ; Off                ;
; Analysis & Synthesis Message Level                                         ; Medium             ; Medium             ;
; Disable Register Merging Across Hierarchies                                ; Auto               ; Auto               ;
; Resource Aware Inference For Block RAM                                     ; On                 ; On                 ;
; Synthesis Seed                                                             ; 1                  ; 1                  ;
+----------------------------------------------------------------------------+--------------------+--------------------+


Parallel compilation was disabled, but you have multiple processors available. Enable parallel compilation to reduce compilation time.
+-------------------------------------+
; Parallel Compilation                ;
+----------------------------+--------+
; Processors                 ; Number ;
+----------------------------+--------+
; Number detected on machine ; 8      ;
; Maximum allowed            ; 1      ;
+----------------------------+--------+


+------------------------------------------------------------------------------------------------------------------------------------------------------------------------+
; Analysis & Synthesis Source Files Read                                                                                                                                 ;
+----------------------------------+-----------------+------------------------------------+--------------------------------------------------------------------+---------+
; File Name with User-Entered Path ; Used in Netlist ; File Type                          ; File Name with Absolute Path                                       ; Library ;
+----------------------------------+-----------------+------------------------------------+--------------------------------------------------------------------+---------+
; vhdl.vhd                         ; yes             ; User VHDL File                     ; C:/Users/aluno/Downloads/topshow/vhdl.vhd                          ;         ;
; topshow.bdf                      ; yes             ; User Block Diagram/Schematic File  ; C:/Users/aluno/Downloads/topshow/topshow.bdf                       ;         ;
; lpm_divide.tdf                   ; yes             ; Megafunction                       ; c:/altera/13.0/quartus/libraries/megafunctions/lpm_divide.tdf      ;         ;
; abs_divider.inc                  ; yes             ; Megafunction                       ; c:/altera/13.0/quartus/libraries/megafunctions/abs_divider.inc     ;         ;
; sign_div_unsign.inc              ; yes             ; Megafunction                       ; c:/altera/13.0/quartus/libraries/megafunctions/sign_div_unsign.inc ;         ;
; aglobal130.inc                   ; yes             ; Megafunction                       ; c:/altera/13.0/quartus/libraries/megafunctions/aglobal130.inc      ;         ;
; db/lpm_divide_2jo.tdf            ; yes             ; Auto-Generated Megafunction        ; C:/Users/aluno/Downloads/topshow/db/lpm_divide_2jo.tdf             ;         ;
; db/abs_divider_cag.tdf           ; yes             ; Auto-Generated Megafunction        ; C:/Users/aluno/Downloads/topshow/db/abs_divider_cag.tdf            ;         ;
; db/alt_u_div_40f.tdf             ; yes             ; Auto-Generated Megafunction        ; C:/Users/aluno/Downloads/topshow/db/alt_u_div_40f.tdf              ;         ;
; db/add_sub_lkc.tdf               ; yes             ; Auto-Generated Megafunction        ; C:/Users/aluno/Downloads/topshow/db/add_sub_lkc.tdf                ;         ;
; db/add_sub_mkc.tdf               ; yes             ; Auto-Generated Megafunction        ; C:/Users/aluno/Downloads/topshow/db/add_sub_mkc.tdf                ;         ;
; db/lpm_abs_kq9.tdf               ; yes             ; Auto-Generated Megafunction        ; C:/Users/aluno/Downloads/topshow/db/lpm_abs_kq9.tdf                ;         ;
; db/lpm_divide_3so.tdf            ; yes             ; Auto-Generated Megafunction        ; C:/Users/aluno/Downloads/topshow/db/lpm_divide_3so.tdf             ;         ;
; db/abs_divider_gbg.tdf           ; yes             ; Auto-Generated Megafunction        ; C:/Users/aluno/Downloads/topshow/db/abs_divider_gbg.tdf            ;         ;
; db/alt_u_div_c2f.tdf             ; yes             ; Auto-Generated Megafunction        ; C:/Users/aluno/Downloads/topshow/db/alt_u_div_c2f.tdf              ;         ;
; db/lpm_abs_gq9.tdf               ; yes             ; Auto-Generated Megafunction        ; C:/Users/aluno/Downloads/topshow/db/lpm_abs_gq9.tdf                ;         ;
; db/lpm_abs_sr9.tdf               ; yes             ; Auto-Generated Megafunction        ; C:/Users/aluno/Downloads/topshow/db/lpm_abs_sr9.tdf                ;         ;
; db/lpm_divide_bko.tdf            ; yes             ; Auto-Generated Megafunction        ; C:/Users/aluno/Downloads/topshow/db/lpm_divide_bko.tdf             ;         ;
; db/abs_divider_ucg.tdf           ; yes             ; Auto-Generated Megafunction        ; C:/Users/aluno/Downloads/topshow/db/abs_divider_ucg.tdf            ;         ;
; db/alt_u_div_85f.tdf             ; yes             ; Auto-Generated Megafunction        ; C:/Users/aluno/Downloads/topshow/db/alt_u_div_85f.tdf              ;         ;
; db/lpm_abs_tr9.tdf               ; yes             ; Auto-Generated Megafunction        ; C:/Users/aluno/Downloads/topshow/db/lpm_abs_tr9.tdf                ;         ;
; db/lpm_divide_8so.tdf            ; yes             ; Auto-Generated Megafunction        ; C:/Users/aluno/Downloads/topshow/db/lpm_divide_8so.tdf             ;         ;
; db/abs_divider_lbg.tdf           ; yes             ; Auto-Generated Megafunction        ; C:/Users/aluno/Downloads/topshow/db/abs_divider_lbg.tdf            ;         ;
; db/alt_u_div_m2f.tdf             ; yes             ; Auto-Generated Megafunction        ; C:/Users/aluno/Downloads/topshow/db/alt_u_div_m2f.tdf              ;         ;
; db/lpm_abs_jq9.tdf               ; yes             ; Auto-Generated Megafunction        ; C:/Users/aluno/Downloads/topshow/db/lpm_abs_jq9.tdf                ;         ;
; db/lpm_abs_ur9.tdf               ; yes             ; Auto-Generated Megafunction        ; C:/Users/aluno/Downloads/topshow/db/lpm_abs_ur9.tdf                ;         ;
+----------------------------------+-----------------+------------------------------------+--------------------------------------------------------------------+---------+


+-----------------------------------------------------------------+
; Analysis & Synthesis Resource Usage Summary                     ;
+---------------------------------------------+-------------------+
; Resource                                    ; Usage             ;
+---------------------------------------------+-------------------+
; Estimated Total logic elements              ; 602               ;
;                                             ;                   ;
; Total combinational functions               ; 602               ;
; Logic element usage by number of LUT inputs ;                   ;
;     -- 4 input functions                    ; 189               ;
;     -- 3 input functions                    ; 167               ;
;     -- <=2 input functions                  ; 246               ;
;                                             ;                   ;
; Logic elements by mode                      ;                   ;
;     -- normal mode                          ; 416               ;
;     -- arithmetic mode                      ; 186               ;
;                                             ;                   ;
; Total registers                             ; 0                 ;
;     -- Dedicated logic registers            ; 0                 ;
;     -- I/O registers                        ; 0                 ;
;                                             ;                   ;
; I/O pins                                    ; 40                ;
; Embedded Multiplier 9-bit elements          ; 0                 ;
; Maximum fan-out node                        ; adder:inst|res[8] ;
; Maximum fan-out                             ; 67                ;
; Total fan-out                               ; 1713              ;
; Average fan-out                             ; 2.67              ;
+---------------------------------------------+-------------------+


+----------------------------------------------------------------------------------------------------------------------------------------------------------------------------------------------------------------------------------------------------------------------------------------+
; Analysis & Synthesis Resource Utilization by Entity                                                                                                                                                                                                                                    ;
+------------------------------------------+-------------------+--------------+-------------+--------------+---------+-----------+------+--------------+------------------------------------------------------------------------------------------------------------------+--------------+
; Compilation Hierarchy Node               ; LC Combinationals ; LC Registers ; Memory Bits ; DSP Elements ; DSP 9x9 ; DSP 18x18 ; Pins ; Virtual Pins ; Full Hierarchy Name                                                                                              ; Library Name ;
+------------------------------------------+-------------------+--------------+-------------+--------------+---------+-----------+------+--------------+------------------------------------------------------------------------------------------------------------------+--------------+
; |topshow                                 ; 602 (0)           ; 0 (0)        ; 0           ; 0            ; 0       ; 0         ; 40   ; 0            ; |topshow                                                                                                         ;              ;
;    |adder:inst|                          ; 602 (106)         ; 0 (0)        ; 0           ; 0            ; 0       ; 0         ; 0    ; 0            ; |topshow|adder:inst                                                                                              ;              ;
;       |lpm_divide:Div2|                  ; 147 (0)           ; 0 (0)        ; 0           ; 0            ; 0       ; 0         ; 0    ; 0            ; |topshow|adder:inst|lpm_divide:Div2                                                                              ;              ;
;          |lpm_divide_8so:auto_generated| ; 147 (0)           ; 0 (0)        ; 0           ; 0            ; 0       ; 0         ; 0    ; 0            ; |topshow|adder:inst|lpm_divide:Div2|lpm_divide_8so:auto_generated                                                ;              ;
;             |abs_divider_lbg:divider|    ; 147 (8)           ; 0 (0)        ; 0           ; 0            ; 0       ; 0         ; 0    ; 0            ; |topshow|adder:inst|lpm_divide:Div2|lpm_divide_8so:auto_generated|abs_divider_lbg:divider                        ;              ;
;                |alt_u_div_m2f:divider|   ; 125 (125)         ; 0 (0)        ; 0           ; 0            ; 0       ; 0         ; 0    ; 0            ; |topshow|adder:inst|lpm_divide:Div2|lpm_divide_8so:auto_generated|abs_divider_lbg:divider|alt_u_div_m2f:divider  ;              ;
;                |lpm_abs_ur9:my_abs_num|  ; 14 (14)           ; 0 (0)        ; 0           ; 0            ; 0       ; 0         ; 0    ; 0            ; |topshow|adder:inst|lpm_divide:Div2|lpm_divide_8so:auto_generated|abs_divider_lbg:divider|lpm_abs_ur9:my_abs_num ;              ;
;       |lpm_divide:Div3|                  ; 117 (0)           ; 0 (0)        ; 0           ; 0            ; 0       ; 0         ; 0    ; 0            ; |topshow|adder:inst|lpm_divide:Div3                                                                              ;              ;
;          |lpm_divide_3so:auto_generated| ; 117 (0)           ; 0 (0)        ; 0           ; 0            ; 0       ; 0         ; 0    ; 0            ; |topshow|adder:inst|lpm_divide:Div3|lpm_divide_3so:auto_generated                                                ;              ;
;             |abs_divider_gbg:divider|    ; 117 (8)           ; 0 (0)        ; 0           ; 0            ; 0       ; 0         ; 0    ; 0            ; |topshow|adder:inst|lpm_divide:Div3|lpm_divide_3so:auto_generated|abs_divider_gbg:divider                        ;              ;
;                |alt_u_div_c2f:divider|   ; 97 (97)           ; 0 (0)        ; 0           ; 0            ; 0       ; 0         ; 0    ; 0            ; |topshow|adder:inst|lpm_divide:Div3|lpm_divide_3so:auto_generated|abs_divider_gbg:divider|alt_u_div_c2f:divider  ;              ;
;                |lpm_abs_sr9:my_abs_num|  ; 12 (12)           ; 0 (0)        ; 0           ; 0            ; 0       ; 0         ; 0    ; 0            ; |topshow|adder:inst|lpm_divide:Div3|lpm_divide_3so:auto_generated|abs_divider_gbg:divider|lpm_abs_sr9:my_abs_num ;              ;
;       |lpm_divide:Mod0|                  ; 19 (0)            ; 0 (0)        ; 0           ; 0            ; 0       ; 0         ; 0    ; 0            ; |topshow|adder:inst|lpm_divide:Mod0                                                                              ;              ;
;          |lpm_divide_bko:auto_generated| ; 19 (0)            ; 0 (0)        ; 0           ; 0            ; 0       ; 0         ; 0    ; 0            ; |topshow|adder:inst|lpm_divide:Mod0|lpm_divide_bko:auto_generated                                                ;              ;
;             |abs_divider_ucg:divider|    ; 19 (19)           ; 0 (0)        ; 0           ; 0            ; 0       ; 0         ; 0    ; 0            ; |topshow|adder:inst|lpm_divide:Mod0|lpm_divide_bko:auto_generated|abs_divider_ucg:divider                        ;              ;
;       |lpm_divide:Mod1|                  ; 87 (0)            ; 0 (0)        ; 0           ; 0            ; 0       ; 0         ; 0    ; 0            ; |topshow|adder:inst|lpm_divide:Mod1                                                                              ;              ;
;          |lpm_divide_2jo:auto_generated| ; 87 (0)            ; 0 (0)        ; 0           ; 0            ; 0       ; 0         ; 0    ; 0            ; |topshow|adder:inst|lpm_divide:Mod1|lpm_divide_2jo:auto_generated                                                ;              ;
;             |abs_divider_cag:divider|    ; 87 (17)           ; 0 (0)        ; 0           ; 0            ; 0       ; 0         ; 0    ; 0            ; |topshow|adder:inst|lpm_divide:Mod1|lpm_divide_2jo:auto_generated|abs_divider_cag:divider                        ;              ;
;                |alt_u_div_40f:divider|   ; 68 (68)           ; 0 (0)        ; 0           ; 0            ; 0       ; 0         ; 0    ; 0            ; |topshow|adder:inst|lpm_divide:Mod1|lpm_divide_2jo:auto_generated|abs_divider_cag:divider|alt_u_div_40f:divider  ;              ;
;                |lpm_abs_kq9:my_abs_num|  ; 2 (2)             ; 0 (0)        ; 0           ; 0            ; 0       ; 0         ; 0    ; 0            ; |topshow|adder:inst|lpm_divide:Mod1|lpm_divide_2jo:auto_generated|abs_divider_cag:divider|lpm_abs_kq9:my_abs_num ;              ;
;       |lpm_divide:Mod2|                  ; 126 (0)           ; 0 (0)        ; 0           ; 0            ; 0       ; 0         ; 0    ; 0            ; |topshow|adder:inst|lpm_divide:Mod2                                                                              ;              ;
;          |lpm_divide_2jo:auto_generated| ; 126 (0)           ; 0 (0)        ; 0           ; 0            ; 0       ; 0         ; 0    ; 0            ; |topshow|adder:inst|lpm_divide:Mod2|lpm_divide_2jo:auto_generated                                                ;              ;
;             |abs_divider_cag:divider|    ; 126 (9)           ; 0 (0)        ; 0           ; 0            ; 0       ; 0         ; 0    ; 0            ; |topshow|adder:inst|lpm_divide:Mod2|lpm_divide_2jo:auto_generated|abs_divider_cag:divider                        ;              ;
;                |alt_u_div_40f:divider|   ; 107 (107)         ; 0 (0)        ; 0           ; 0            ; 0       ; 0         ; 0    ; 0            ; |topshow|adder:inst|lpm_divide:Mod2|lpm_divide_2jo:auto_generated|abs_divider_cag:divider|alt_u_div_40f:divider  ;              ;
;                |lpm_abs_kq9:my_abs_num|  ; 10 (10)           ; 0 (0)        ; 0           ; 0            ; 0       ; 0         ; 0    ; 0            ; |topshow|adder:inst|lpm_divide:Mod2|lpm_divide_2jo:auto_generated|abs_divider_cag:divider|lpm_abs_kq9:my_abs_num ;              ;
+------------------------------------------+-------------------+--------------+-------------+--------------+---------+-----------+------+--------------+------------------------------------------------------------------------------------------------------------------+--------------+
Note: For table entries with two numbers listed, the numbers in parentheses indicate the number of resources of the given type used by the specific entity alone. The numbers listed outside of parentheses indicate the total resources of the given type used by the specific entity and all of its sub-entities in the hierarchy.


+---------------------------------------------------------------------------------------------------+
; User-Specified and Inferred Latches                                                               ;
+----------------------------------------------------+---------------------+------------------------+
; Latch Name                                         ; Latch Enable Signal ; Free of Timing Hazards ;
+----------------------------------------------------+---------------------+------------------------+
; adder:inst|res[0]                                  ; adder:inst|res[7]   ; yes                    ;
; adder:inst|res[8]                                  ; adder:inst|res[7]   ; yes                    ;
; adder:inst|res[1]                                  ; adder:inst|res[7]   ; yes                    ;
; adder:inst|res[2]                                  ; adder:inst|res[7]   ; yes                    ;
; adder:inst|res[3]                                  ; adder:inst|res[7]   ; yes                    ;
; adder:inst|res[4]                                  ; adder:inst|res[7]   ; yes                    ;
; adder:inst|res[5]                                  ; adder:inst|res[7]   ; yes                    ;
; adder:inst|res[6]                                  ; adder:inst|res[7]   ; yes                    ;
; adder:inst|res[7]                                  ; adder:inst|res[7]   ; yes                    ;
; Number of user-specified and inferred latches = 9  ;                     ;                        ;
+----------------------------------------------------+---------------------+------------------------+
Note: All latches listed above may not be present at the end of synthesis due to various synthesis optimizations.


+------------------------------------------------------+
; General Register Statistics                          ;
+----------------------------------------------+-------+
; Statistic                                    ; Value ;
+----------------------------------------------+-------+
; Total registers                              ; 0     ;
; Number of registers using Synchronous Clear  ; 0     ;
; Number of registers using Synchronous Load   ; 0     ;
; Number of registers using Asynchronous Clear ; 0     ;
; Number of registers using Asynchronous Load  ; 0     ;
; Number of registers using Clock Enable       ; 0     ;
; Number of registers using Preset             ; 0     ;
+----------------------------------------------+-------+


+------------------------------------------------------------------------------------------------------------------------------------------+
; Multiplexer Restructuring Statistics (Restructuring Performed)                                                                           ;
+--------------------+-----------+---------------+----------------------+------------------------+------------+----------------------------+
; Multiplexer Inputs ; Bus Width ; Baseline Area ; Area if Restructured ; Saving if Restructured ; Registered ; Example Multiplexer Output ;
+--------------------+-----------+---------------+----------------------+------------------------+------------+----------------------------+
; 4:1                ; 2 bits    ; 4 LEs         ; 4 LEs                ; 0 LEs                  ; No         ; |topshow|adder:inst|res[8] ;
; 4:1                ; 6 bits    ; 12 LEs        ; 12 LEs               ; 0 LEs                  ; No         ; |topshow|adder:inst|res[6] ;
+--------------------+-----------+---------------+----------------------+------------------------+------------+----------------------------+


+-----------------------------------------------------------------------------+
; Parameter Settings for Inferred Entity Instance: adder:inst|lpm_divide:Mod2 ;
+------------------------+----------------+-----------------------------------+
; Parameter Name         ; Value          ; Type                              ;
+------------------------+----------------+-----------------------------------+
; LPM_WIDTHN             ; 9              ; Untyped                           ;
; LPM_WIDTHD             ; 9              ; Untyped                           ;
; LPM_NREPRESENTATION    ; SIGNED         ; Untyped                           ;
; LPM_DREPRESENTATION    ; SIGNED         ; Untyped                           ;
; LPM_PIPELINE           ; 0              ; Untyped                           ;
; LPM_REMAINDERPOSITIVE  ; FALSE          ; Untyped                           ;
; MAXIMIZE_SPEED         ; 5              ; Untyped                           ;
; CBXI_PARAMETER         ; lpm_divide_2jo ; Untyped                           ;
; CARRY_CHAIN            ; MANUAL         ; Untyped                           ;
; OPTIMIZE_FOR_SPEED     ; 5              ; Untyped                           ;
; AUTO_CARRY_CHAINS      ; ON             ; AUTO_CARRY                        ;
; IGNORE_CARRY_BUFFERS   ; OFF            ; IGNORE_CARRY                      ;
; AUTO_CASCADE_CHAINS    ; ON             ; AUTO_CASCADE                      ;
; IGNORE_CASCADE_BUFFERS ; OFF            ; IGNORE_CASCADE                    ;
+------------------------+----------------+-----------------------------------+
Note: In order to hide this table in the UI and the text report file, please set the "Show Parameter Settings in Synthesis Report" option in "Analysis and Synthesis Settings -> More Settings" to "Off".


+-----------------------------------------------------------------------------+
; Parameter Settings for Inferred Entity Instance: adder:inst|lpm_divide:Mod1 ;
+------------------------+----------------+-----------------------------------+
; Parameter Name         ; Value          ; Type                              ;
+------------------------+----------------+-----------------------------------+
; LPM_WIDTHN             ; 9              ; Untyped                           ;
; LPM_WIDTHD             ; 9              ; Untyped                           ;
; LPM_NREPRESENTATION    ; SIGNED         ; Untyped                           ;
; LPM_DREPRESENTATION    ; SIGNED         ; Untyped                           ;
; LPM_PIPELINE           ; 0              ; Untyped                           ;
; LPM_REMAINDERPOSITIVE  ; FALSE          ; Untyped                           ;
; MAXIMIZE_SPEED         ; 5              ; Untyped                           ;
; CBXI_PARAMETER         ; lpm_divide_2jo ; Untyped                           ;
; CARRY_CHAIN            ; MANUAL         ; Untyped                           ;
; OPTIMIZE_FOR_SPEED     ; 5              ; Untyped                           ;
; AUTO_CARRY_CHAINS      ; ON             ; AUTO_CARRY                        ;
; IGNORE_CARRY_BUFFERS   ; OFF            ; IGNORE_CARRY                      ;
; AUTO_CASCADE_CHAINS    ; ON             ; AUTO_CASCADE                      ;
; IGNORE_CASCADE_BUFFERS ; OFF            ; IGNORE_CASCADE                    ;
+------------------------+----------------+-----------------------------------+
Note: In order to hide this table in the UI and the text report file, please set the "Show Parameter Settings in Synthesis Report" option in "Analysis and Synthesis Settings -> More Settings" to "Off".


+-----------------------------------------------------------------------------+
; Parameter Settings for Inferred Entity Instance: adder:inst|lpm_divide:Div3 ;
+------------------------+----------------+-----------------------------------+
; Parameter Name         ; Value          ; Type                              ;
+------------------------+----------------+-----------------------------------+
; LPM_WIDTHN             ; 10             ; Untyped                           ;
; LPM_WIDTHD             ; 5              ; Untyped                           ;
; LPM_NREPRESENTATION    ; SIGNED         ; Untyped                           ;
; LPM_DREPRESENTATION    ; SIGNED         ; Untyped                           ;
; LPM_PIPELINE           ; 0              ; Untyped                           ;
; LPM_REMAINDERPOSITIVE  ; FALSE          ; Untyped                           ;
; MAXIMIZE_SPEED         ; 5              ; Untyped                           ;
; CBXI_PARAMETER         ; lpm_divide_3so ; Untyped                           ;
; CARRY_CHAIN            ; MANUAL         ; Untyped                           ;
; OPTIMIZE_FOR_SPEED     ; 5              ; Untyped                           ;
; AUTO_CARRY_CHAINS      ; ON             ; AUTO_CARRY                        ;
; IGNORE_CARRY_BUFFERS   ; OFF            ; IGNORE_CARRY                      ;
; AUTO_CASCADE_CHAINS    ; ON             ; AUTO_CASCADE                      ;
; IGNORE_CASCADE_BUFFERS ; OFF            ; IGNORE_CASCADE                    ;
+------------------------+----------------+-----------------------------------+
Note: In order to hide this table in the UI and the text report file, please set the "Show Parameter Settings in Synthesis Report" option in "Analysis and Synthesis Settings -> More Settings" to "Off".


+-----------------------------------------------------------------------------+
; Parameter Settings for Inferred Entity Instance: adder:inst|lpm_divide:Mod0 ;
+------------------------+----------------+-----------------------------------+
; Parameter Name         ; Value          ; Type                              ;
+------------------------+----------------+-----------------------------------+
; LPM_WIDTHN             ; 9              ; Untyped                           ;
; LPM_WIDTHD             ; 11             ; Untyped                           ;
; LPM_NREPRESENTATION    ; SIGNED         ; Untyped                           ;
; LPM_DREPRESENTATION    ; SIGNED         ; Untyped                           ;
; LPM_PIPELINE           ; 0              ; Untyped                           ;
; LPM_REMAINDERPOSITIVE  ; FALSE          ; Untyped                           ;
; MAXIMIZE_SPEED         ; 5              ; Untyped                           ;
; CBXI_PARAMETER         ; lpm_divide_bko ; Untyped                           ;
; CARRY_CHAIN            ; MANUAL         ; Untyped                           ;
; OPTIMIZE_FOR_SPEED     ; 5              ; Untyped                           ;
; AUTO_CARRY_CHAINS      ; ON             ; AUTO_CARRY                        ;
; IGNORE_CARRY_BUFFERS   ; OFF            ; IGNORE_CARRY                      ;
; AUTO_CASCADE_CHAINS    ; ON             ; AUTO_CASCADE                      ;
; IGNORE_CASCADE_BUFFERS ; OFF            ; IGNORE_CASCADE                    ;
+------------------------+----------------+-----------------------------------+
Note: In order to hide this table in the UI and the text report file, please set the "Show Parameter Settings in Synthesis Report" option in "Analysis and Synthesis Settings -> More Settings" to "Off".


+-----------------------------------------------------------------------------+
; Parameter Settings for Inferred Entity Instance: adder:inst|lpm_divide:Div2 ;
+------------------------+----------------+-----------------------------------+
; Parameter Name         ; Value          ; Type                              ;
+------------------------+----------------+-----------------------------------+
; LPM_WIDTHN             ; 12             ; Untyped                           ;
; LPM_WIDTHD             ; 8              ; Untyped                           ;
; LPM_NREPRESENTATION    ; SIGNED         ; Untyped                           ;
; LPM_DREPRESENTATION    ; SIGNED         ; Untyped                           ;
; LPM_PIPELINE           ; 0              ; Untyped                           ;
; LPM_REMAINDERPOSITIVE  ; FALSE          ; Untyped                           ;
; MAXIMIZE_SPEED         ; 5              ; Untyped                           ;
; CBXI_PARAMETER         ; lpm_divide_8so ; Untyped                           ;
; CARRY_CHAIN            ; MANUAL         ; Untyped                           ;
; OPTIMIZE_FOR_SPEED     ; 5              ; Untyped                           ;
; AUTO_CARRY_CHAINS      ; ON             ; AUTO_CARRY                        ;
; IGNORE_CARRY_BUFFERS   ; OFF            ; IGNORE_CARRY                      ;
; AUTO_CASCADE_CHAINS    ; ON             ; AUTO_CASCADE                      ;
; IGNORE_CASCADE_BUFFERS ; OFF            ; IGNORE_CASCADE                    ;
+------------------------+----------------+-----------------------------------+
Note: In order to hide this table in the UI and the text report file, please set the "Show Parameter Settings in Synthesis Report" option in "Analysis and Synthesis Settings -> More Settings" to "Off".


+-------------------------------+
; Elapsed Time Per Partition    ;
+----------------+--------------+
; Partition Name ; Elapsed Time ;
+----------------+--------------+
; Top            ; 00:00:01     ;
+----------------+--------------+


+-------------------------------+
; Analysis & Synthesis Messages ;
+-------------------------------+
Info: *******************************************************************
Info: Running Quartus II 64-Bit Analysis & Synthesis
    Info: Version 13.0.0 Build 156 04/24/2013 SJ Web Edition
    Info: Processing started: Mon Jun 17 16:00:39 2019
Info: Command: quartus_map --read_settings_files=on --write_settings_files=off topshow -c topshow
Warning (20028): Parallel compilation is not licensed and has been disabled
Info (12021): Found 2 design units, including 1 entities, in source file vhdl.vhd
    Info (12022): Found design unit 1: adder-add
    Info (12023): Found entity 1: adder
Info (12021): Found 1 design units, including 1 entities, in source file topshow.bdf
    Info (12023): Found entity 1: topshow
Info (12127): Elaborating entity "topshow" for the top level hierarchy
Info (12128): Elaborating entity "adder" for hierarchy "adder:inst"
Info (10041): Inferred latch for "res[0]" at vhdl.vhd(29)
Info (10041): Inferred latch for "res[1]" at vhdl.vhd(29)
Info (10041): Inferred latch for "res[2]" at vhdl.vhd(29)
Info (10041): Inferred latch for "res[3]" at vhdl.vhd(29)
Info (10041): Inferred latch for "res[4]" at vhdl.vhd(29)
Info (10041): Inferred latch for "res[5]" at vhdl.vhd(29)
Info (10041): Inferred latch for "res[6]" at vhdl.vhd(29)
Info (10041): Inferred latch for "res[7]" at vhdl.vhd(29)
Info (10041): Inferred latch for "res[8]" at vhdl.vhd(29)
Info (278001): Inferred 5 megafunctions from design logic
    Info (278004): Inferred divider/modulo megafunction ("lpm_divide") from the following logic: "adder:inst|Mod2"
    Info (278004): Inferred divider/modulo megafunction ("lpm_divide") from the following logic: "adder:inst|Mod1"
    Info (278004): Inferred divider/modulo megafunction ("lpm_divide") from the following logic: "adder:inst|Div3"
    Info (278004): Inferred divider/modulo megafunction ("lpm_divide") from the following logic: "adder:inst|Mod0"
    Info (278004): Inferred divider/modulo megafunction ("lpm_divide") from the following logic: "adder:inst|Div2"
Info (12130): Elaborated megafunction instantiation "adder:inst|lpm_divide:Mod2"
Info (12133): Instantiated megafunction "adder:inst|lpm_divide:Mod2" with the following parameter:
    Info (12134): Parameter "LPM_WIDTHN" = "9"
    Info (12134): Parameter "LPM_WIDTHD" = "9"
    Info (12134): Parameter "LPM_NREPRESENTATION" = "SIGNED"
    Info (12134): Parameter "LPM_DREPRESENTATION" = "SIGNED"
    Info (12134): Parameter "LPM_HINT" = "LPM_REMAINDERPOSITIVE=FALSE"
Info (12021): Found 1 design units, including 1 entities, in source file db/lpm_divide_2jo.tdf
    Info (12023): Found entity 1: lpm_divide_2jo
Info (12021): Found 1 design units, including 1 entities, in source file db/abs_divider_cag.tdf
    Info (12023): Found entity 1: abs_divider_cag
Info (12021): Found 1 design units, including 1 entities, in source file db/alt_u_div_40f.tdf
    Info (12023): Found entity 1: alt_u_div_40f
Info (12021): Found 1 design units, including 1 entities, in source file db/add_sub_lkc.tdf
    Info (12023): Found entity 1: add_sub_lkc
Info (12021): Found 1 design units, including 1 entities, in source file db/add_sub_mkc.tdf
    Info (12023): Found entity 1: add_sub_mkc
Info (12021): Found 1 design units, including 1 entities, in source file db/lpm_abs_kq9.tdf
    Info (12023): Found entity 1: lpm_abs_kq9
Info (12130): Elaborated megafunction instantiation "adder:inst|lpm_divide:Mod1"
Info (12133): Instantiated megafunction "adder:inst|lpm_divide:Mod1" with the following parameter:
    Info (12134): Parameter "LPM_WIDTHN" = "9"
    Info (12134): Parameter "LPM_WIDTHD" = "9"
    Info (12134): Parameter "LPM_NREPRESENTATION" = "SIGNED"
    Info (12134): Parameter "LPM_DREPRESENTATION" = "SIGNED"
    Info (12134): Parameter "LPM_HINT" = "LPM_REMAINDERPOSITIVE=FALSE"
Info (12130): Elaborated megafunction instantiation "adder:inst|lpm_divide:Div3"
Info (12133): Instantiated megafunction "adder:inst|lpm_divide:Div3" with the following parameter:
    Info (12134): Parameter "LPM_WIDTHN" = "10"
    Info (12134): Parameter "LPM_WIDTHD" = "5"
    Info (12134): Parameter "LPM_NREPRESENTATION" = "SIGNED"
    Info (12134): Parameter "LPM_DREPRESENTATION" = "SIGNED"
    Info (12134): Parameter "LPM_HINT" = "LPM_REMAINDERPOSITIVE=FALSE"
Info (12021): Found 1 design units, including 1 entities, in source file db/lpm_divide_3so.tdf
    Info (12023): Found entity 1: lpm_divide_3so
Info (12021): Found 1 design units, including 1 entities, in source file db/abs_divider_gbg.tdf
    Info (12023): Found entity 1: abs_divider_gbg
Info (12021): Found 1 design units, including 1 entities, in source file db/alt_u_div_c2f.tdf
    Info (12023): Found entity 1: alt_u_div_c2f
Info (12021): Found 1 design units, including 1 entities, in source file db/lpm_abs_gq9.tdf
    Info (12023): Found entity 1: lpm_abs_gq9
Info (12021): Found 1 design units, including 1 entities, in source file db/lpm_abs_sr9.tdf
    Info (12023): Found entity 1: lpm_abs_sr9
Info (12130): Elaborated megafunction instantiation "adder:inst|lpm_divide:Mod0"
Info (12133): Instantiated megafunction "adder:inst|lpm_divide:Mod0" with the following parameter:
    Info (12134): Parameter "LPM_WIDTHN" = "9"
    Info (12134): Parameter "LPM_WIDTHD" = "11"
    Info (12134): Parameter "LPM_NREPRESENTATION" = "SIGNED"
    Info (12134): Parameter "LPM_DREPRESENTATION" = "SIGNED"
    Info (12134): Parameter "LPM_HINT" = "LPM_REMAINDERPOSITIVE=FALSE"
Info (12021): Found 1 design units, including 1 entities, in source file db/lpm_divide_bko.tdf
    Info (12023): Found entity 1: lpm_divide_bko
Info (12021): Found 1 design units, including 1 entities, in source file db/abs_divider_ucg.tdf
    Info (12023): Found entity 1: abs_divider_ucg
Info (12021): Found 1 design units, including 1 entities, in source file db/alt_u_div_85f.tdf
    Info (12023): Found entity 1: alt_u_div_85f
Info (12021): Found 1 design units, including 1 entities, in source file db/lpm_abs_tr9.tdf
    Info (12023): Found entity 1: lpm_abs_tr9
Info (12130): Elaborated megafunction instantiation "adder:inst|lpm_divide:Div2"
Info (12133): Instantiated megafunction "adder:inst|lpm_divide:Div2" with the following parameter:
    Info (12134): Parameter "LPM_WIDTHN" = "12"
    Info (12134): Parameter "LPM_WIDTHD" = "8"
    Info (12134): Parameter "LPM_NREPRESENTATION" = "SIGNED"
    Info (12134): Parameter "LPM_DREPRESENTATION" = "SIGNED"
    Info (12134): Parameter "LPM_HINT" = "LPM_REMAINDERPOSITIVE=FALSE"
Info (12021): Found 1 design units, including 1 entities, in source file db/lpm_divide_8so.tdf
    Info (12023): Found entity 1: lpm_divide_8so
Info (12021): Found 1 design units, including 1 entities, in source file db/abs_divider_lbg.tdf
    Info (12023): Found entity 1: abs_divider_lbg
Info (12021): Found 1 design units, including 1 entities, in source file db/alt_u_div_m2f.tdf
    Info (12023): Found entity 1: alt_u_div_m2f
Info (12021): Found 1 design units, including 1 entities, in source file db/lpm_abs_jq9.tdf
    Info (12023): Found entity 1: lpm_abs_jq9
Info (12021): Found 1 design units, including 1 entities, in source file db/lpm_abs_ur9.tdf
    Info (12023): Found entity 1: lpm_abs_ur9
Info (13014): Ignored 44 buffer(s)
    Info (13016): Ignored 44 CARRY_SUM buffer(s)
Warning (13012): Latch adder:inst|res[0] has unsafe behavior
    Warning (13013): Ports D and ENA on the latch are fed by the same signal KEY[3]
Warning (13012): Latch adder:inst|res[8] has unsafe behavior
    Warning (13013): Ports D and ENA on the latch are fed by the same signal KEY[3]
Warning (13012): Latch adder:inst|res[1] has unsafe behavior
    Warning (13013): Ports D and ENA on the latch are fed by the same signal KEY[3]
Warning (13012): Latch adder:inst|res[2] has unsafe behavior
    Warning (13013): Ports D and ENA on the latch are fed by the same signal KEY[3]
Warning (13012): Latch adder:inst|res[3] has unsafe behavior
    Warning (13013): Ports D and ENA on the latch are fed by the same signal KEY[3]
Warning (13012): Latch adder:inst|res[4] has unsafe behavior
    Warning (13013): Ports D and ENA on the latch are fed by the same signal KEY[3]
Warning (13012): Latch adder:inst|res[5] has unsafe behavior
    Warning (13013): Ports D and ENA on the latch are fed by the same signal KEY[3]
Warning (13012): Latch adder:inst|res[6] has unsafe behavior
    Warning (13013): Ports D and ENA on the latch are fed by the same signal KEY[3]
Warning (13012): Latch adder:inst|res[7] has unsafe behavior
    Warning (13013): Ports D and ENA on the latch are fed by the same signal KEY[3]
Warning (13024): Output pins are stuck at VCC or GND
    Warning (13410): Pin "HEX3[0]" is stuck at GND
    Warning (13410): Pin "HEX3[1]" is stuck at GND
    Warning (13410): Pin "HEX3[2]" is stuck at GND
    Warning (13410): Pin "HEX3[3]" is stuck at GND
    Warning (13410): Pin "HEX3[4]" is stuck at GND
    Warning (13410): Pin "HEX3[5]" is stuck at GND
    Warning (13410): Pin "HEX3[6]" is stuck at VCC
Info (16010): Generating hard_block partition "hard_block:auto_generated_inst"
    Info (16011): Adding 0 node(s), including 0 DDIO, 0 PLL, 0 transceiver and 0 LCELL
Info (21057): Implemented 642 device resources after synthesis - the final resource count might be different
    Info (21058): Implemented 12 input pins
    Info (21059): Implemented 28 output pins
    Info (21061): Implemented 602 logic cells
Info: Quartus II 64-Bit Analysis & Synthesis was successful. 0 errors, 27 warnings
    Info: Peak virtual memory: 4675 megabytes
    Info: Processing ended: Mon Jun 17 16:00:42 2019
    Info: Elapsed time: 00:00:03
    Info: Total CPU time (on all processors): 00:00:03


